<?xml version="1.0" encoding="UTF-8"?>
<!-- Generated by org.testng.reporters.JUnitXMLReporter -->
<testsuite ignored="0" hostname="LAPTOP-UBL9PSS3" failures="0" tests="5" name="homeLoan" time="0.036" errors="0" timestamp="2021-06-21T12:52:27 IST">
  <testcase classname="test.homeLoan" name="afterclass" time="0.003"/>
  <testcase classname="test.homeLoan" name="beforeClass" time="0.003"/>
  <testcase classname="test.homeLoan" name="beforeClass" time="0.003"/>
  <testcase classname="test.homeLoan" name="beforeClass" time="0.003"/>
  <testcase classname="test.homeLoan" name="home" time="0.002"/>
</testsuite> <!-- homeLoan -->
