<?xml version="1.0" encoding="UTF-8"?>
<!-- Generated by org.testng.reporters.JUnitXMLReporter -->
<testsuite ignored="0" hostname="LAPTOP-UBL9PSS3" failures="0" tests="3" name="personalLoan" time="0.062" errors="0" timestamp="2021-06-21T12:52:27 IST">
  <testcase classname="test.personalLoan" name="grop" time="0.007"/>
  <testcase classname="test.personalLoan" name="peronal" time="0.002"/>
  <testcase classname="test.personalLoan" name="personal1" time="0.002"/>
</testsuite> <!-- personalLoan -->
