<?xml version="1.0" encoding="UTF-8"?>
<!-- Generated by org.testng.reporters.JUnitXMLReporter -->
<testsuite ignored="3" hostname="LAPTOP-UBL9PSS3" failures="0" tests="1" name="Test" time="0.052" errors="0" timestamp="2021-06-21T12:52:27 IST">
  <testcase classname="test.runTestNG2" name="run" time="0.008"/>
  <testcase classname="test.runTestNG" name="Test1" time="0.0">
    <ignored/>
  </testcase> <!-- Test1 -->
  <testcase classname="test.runTestNG" name="Test2" time="0.0">
    <ignored/>
  </testcase> <!-- Test2 -->
  <testcase classname="test.runTestNG" name="Test" time="0.0">
    <ignored/>
  </testcase> <!-- Test -->
</testsuite> <!-- Test -->
